TN:
SF:/Users/promiseihemegbulam/Documents/GitHub/iMenu/index.js
FN:21,(anonymous_1)
FN:27,(anonymous_2)
FNF:2
FNH:1
FNDA:0,(anonymous_1)
FNDA:1,(anonymous_2)
DA:1,1
DA:2,1
DA:3,1
DA:4,1
DA:5,1
DA:6,1
DA:7,1
DA:9,1
DA:10,1
DA:12,1
DA:13,1
DA:14,1
DA:15,1
DA:17,1
DA:18,1
DA:19,1
DA:21,1
DA:22,0
DA:23,0
DA:24,0
DA:27,1
DA:28,1
DA:31,1
LF:23
LH:20
BRDA:10,0,0,1
BRDA:10,0,1,0
BRF:2
BRH:1
end_of_record
TN:
SF:/Users/promiseihemegbulam/Documents/GitHub/iMenu/middlewares/mealsValidator.js
FN:33,(anonymous_1)
FN:34,(anonymous_2)
FNF:2
FNH:2
FNDA:1,(anonymous_1)
FNDA:3,(anonymous_2)
DA:1,1
DA:2,1
DA:4,1
DA:6,1
DA:34,3
DA:35,1
DA:36,0
DA:42,1
LF:8
LH:7
BRDA:35,0,0,1
BRDA:35,0,1,0
BRF:2
BRH:1
end_of_record
TN:
SF:/Users/promiseihemegbulam/Documents/GitHub/iMenu/middlewares/menusValidator.js
FN:40,(anonymous_1)
FN:41,(anonymous_2)
FNF:2
FNH:2
FNDA:1,(anonymous_1)
FNDA:3,(anonymous_2)
DA:1,1
DA:2,1
DA:4,1
DA:5,1
DA:6,1
DA:8,1
DA:41,3
DA:42,1
DA:43,0
DA:49,1
LF:10
LH:9
BRDA:42,0,0,1
BRDA:42,0,1,0
BRF:2
BRH:1
end_of_record
TN:
SF:/Users/promiseihemegbulam/Documents/GitHub/iMenu/middlewares/ordersValidator.js
FN:55,(anonymous_1)
FN:56,(anonymous_2)
FNF:2
FNH:2
FNDA:1,(anonymous_1)
FNDA:3,(anonymous_2)
DA:1,1
DA:2,1
DA:4,1
DA:5,1
DA:6,1
DA:8,1
DA:56,3
DA:57,1
DA:58,0
DA:69,1
LF:10
LH:9
BRDA:57,0,0,1
BRDA:57,0,1,0
BRF:2
BRH:1
end_of_record
TN:
SF:/Users/promiseihemegbulam/Documents/GitHub/iMenu/models/meals.js
FNF:0
FNH:0
DA:1,1
DA:19,1
LF:2
LH:2
BRF:0
BRH:0
end_of_record
TN:
SF:/Users/promiseihemegbulam/Documents/GitHub/iMenu/models/menus.js
FNF:0
FNH:0
DA:1,1
DA:64,1
LF:2
LH:2
BRF:0
BRH:0
end_of_record
TN:
SF:/Users/promiseihemegbulam/Documents/GitHub/iMenu/models/orders.js
FNF:0
FNH:0
DA:1,1
DA:67,1
LF:2
LH:2
BRF:0
BRH:0
end_of_record
TN:
SF:/Users/promiseihemegbulam/Documents/GitHub/iMenu/routes/mealsRoute.js
FNF:0
FNH:0
DA:1,1
DA:2,1
DA:3,1
DA:5,1
DA:8,1
DA:9,1
DA:11,1
DA:12,1
DA:13,1
DA:14,1
DA:15,1
DA:17,1
LF:12
LH:12
BRF:0
BRH:0
end_of_record
TN:
SF:/Users/promiseihemegbulam/Documents/GitHub/iMenu/routes/menusRoute.js
FNF:0
FNH:0
DA:1,1
DA:2,1
DA:3,1
DA:5,1
DA:6,1
DA:7,1
DA:9,1
DA:10,1
DA:11,1
DA:13,1
LF:10
LH:10
BRF:0
BRH:0
end_of_record
TN:
SF:/Users/promiseihemegbulam/Documents/GitHub/iMenu/routes/ordersRoute.js
FNF:0
FNH:0
DA:1,1
DA:2,1
DA:3,1
DA:5,1
DA:8,1
DA:11,1
DA:13,1
DA:14,1
DA:15,1
DA:16,1
DA:17,1
DA:18,1
DA:21,1
LF:13
LH:13
BRF:0
BRH:0
end_of_record
TN:
SF:/Users/promiseihemegbulam/Documents/GitHub/iMenu/services/mealsService.js
FN:37,(anonymous_8)
FN:72,(anonymous_11)
FN:97,(anonymous_13)
FNF:3
FNH:3
FNDA:2,(anonymous_8)
FNDA:5,(anonymous_11)
FNDA:2,(anonymous_13)
DA:1,1
DA:2,1
DA:4,1
DA:8,1
DA:9,1
DA:10,0
DA:11,0
DA:16,1
DA:17,1
DA:18,1
DA:19,1
DA:26,1
DA:27,1
DA:28,0
DA:29,0
DA:35,1
DA:36,1
DA:37,2
DA:39,1
DA:40,1
DA:41,1
DA:42,1
DA:47,0
DA:54,1
DA:55,1
DA:62,2
DA:63,2
DA:64,0
DA:65,0
DA:71,2
DA:72,5
DA:74,2
DA:75,1
DA:80,1
DA:87,1
DA:88,1
DA:89,0
DA:90,0
DA:96,1
DA:97,2
DA:99,1
DA:100,1
DA:101,1
DA:106,0
DA:113,1
LF:45
LH:35
BRDA:9,0,0,0
BRDA:9,0,1,1
BRDA:27,1,0,0
BRDA:27,1,1,1
BRDA:39,2,0,1
BRDA:39,2,1,0
BRDA:40,3,0,1
BRDA:40,3,1,0
BRDA:41,4,0,1
BRDA:41,4,1,0
BRDA:63,5,0,0
BRDA:63,5,1,2
BRDA:74,6,0,1
BRDA:74,6,1,1
BRDA:88,7,0,0
BRDA:88,7,1,1
BRDA:99,8,0,1
BRDA:99,8,1,0
BRF:18
BRH:10
end_of_record
TN:
SF:/Users/promiseihemegbulam/Documents/GitHub/iMenu/services/menusService.js
FN:38,(anonymous_8)
FNF:1
FNH:1
FNDA:5,(anonymous_8)
DA:1,1
DA:2,1
DA:4,1
DA:8,1
DA:9,1
DA:10,0
DA:11,0
DA:17,1
DA:18,1
DA:19,1
DA:20,1
DA:27,2
DA:28,2
DA:29,0
DA:30,0
DA:36,2
DA:37,2
DA:38,5
DA:39,2
DA:40,2
DA:41,1
DA:46,1
DA:53,1
DA:54,1
DA:61,1
LF:25
LH:21
BRDA:9,0,0,0
BRDA:9,0,1,1
BRDA:28,1,0,0
BRDA:28,1,1,2
BRDA:40,2,0,1
BRDA:40,2,1,1
BRF:6
BRH:4
end_of_record
TN:
SF:/Users/promiseihemegbulam/Documents/GitHub/iMenu/services/ordersService.js
FN:38,(anonymous_8)
FN:63,(anonymous_10)
FN:91,(anonymous_13)
FN:120,(anonymous_15)
FNF:4
FNH:3
FNDA:6,(anonymous_8)
FNDA:2,(anonymous_10)
FNDA:0,(anonymous_13)
FNDA:2,(anonymous_15)
DA:1,1
DA:2,1
DA:4,1
DA:8,1
DA:9,1
DA:10,0
DA:11,0
DA:17,1
DA:18,1
DA:19,1
DA:20,1
DA:21,1
DA:28,2
DA:29,2
DA:30,0
DA:31,0
DA:37,2
DA:38,6
DA:40,2
DA:41,1
DA:46,1
DA:53,1
DA:54,1
DA:55,0
DA:56,0
DA:62,1
DA:63,2
DA:65,1
DA:66,1
DA:67,1
DA:69,1
DA:74,0
DA:81,0
DA:83,0
DA:90,0
DA:91,0
DA:92,0
DA:93,0
DA:94,0
DA:96,0
DA:97,0
DA:98,0
DA:103,0
DA:110,1
DA:111,1
DA:112,0
DA:113,0
DA:119,1
DA:120,2
DA:122,1
DA:123,1
DA:124,1
DA:129,0
DA:136,1
LF:54
LH:33
BRDA:9,0,0,0
BRDA:9,0,1,1
BRDA:29,1,0,0
BRDA:29,1,1,2
BRDA:40,2,0,1
BRDA:40,2,1,1
BRDA:54,3,0,0
BRDA:54,3,1,1
BRDA:65,4,0,1
BRDA:65,4,1,0
BRDA:96,5,0,0
BRDA:96,5,1,0
BRDA:111,6,0,0
BRDA:111,6,1,1
BRDA:122,7,0,1
BRDA:122,7,1,0
BRF:16
BRH:8
end_of_record
